<?xml version="1.0" encoding="UTF-8"?>
<robot generator="Robot 4.1.3 (Python 3.10.2 on win32)" generated="20220430 12:14:35.991" rpa="false" schemaversion="2">
<suite id="s1" name="FormulárioTests" source="C:\Users\Leticia\Desktop\Automação\mentoria\web\Formulário\FormulárioTests.Robot">
<test id="s1-t1" name="Cenário: Iniciar os testes no Formulário">
<kw name="Dado que quero acessar a página home do site de teste" library="FormulárioSteps">
<kw name="Open Browser" library="SeleniumLibrary">
<arg>url=${URL}</arg>
<arg>browser=${BROWSER}</arg>
<doc>Opens a new browser instance to the optional ``url``.</doc>
<msg timestamp="20220430 12:14:37.146" level="INFO">Opening browser 'chrome' to base url 'https://automacaocombatista.herokuapp.com/treinamento/home'.</msg>
<status status="PASS" starttime="20220430 12:14:37.145" endtime="20220430 12:14:43.690"/>
</kw>
<status status="PASS" starttime="20220430 12:14:37.145" endtime="20220430 12:14:43.691"/>
</kw>
<kw name="E clico em Formulário" library="FormulárioSteps">
<kw name="Click Element" library="SeleniumLibrary">
<arg>${LINK_FORMULARIO}</arg>
<doc>Click the element identified by ``locator``.</doc>
<msg timestamp="20220430 12:14:43.693" level="INFO">Clicking element 'xpath=/html/body/div[2]/div[1]/ul/li[1]/a'.</msg>
<status status="PASS" starttime="20220430 12:14:43.692" endtime="20220430 12:14:43.783"/>
</kw>
<status status="PASS" starttime="20220430 12:14:43.691" endtime="20220430 12:14:43.784"/>
</kw>
<kw name="E Criar Usuários" library="FormulárioSteps">
<kw name="Wait Until Element Is Visible" library="SeleniumLibrary">
<arg>${LINK_CRIAR_USUARIO}</arg>
<doc>Waits until the element ``locator`` is visible.</doc>
<status status="PASS" starttime="20220430 12:14:43.785" endtime="20220430 12:14:43.885"/>
</kw>
<kw name="Click Element" library="SeleniumLibrary">
<arg>${LINK_CRIAR_USUARIO}</arg>
<doc>Click the element identified by ``locator``.</doc>
<msg timestamp="20220430 12:14:43.886" level="INFO">Clicking element 'xpath=/html/body/div[2]/div[1]/ul/li[1]/div/ul/li[1]/a'.</msg>
<status status="PASS" starttime="20220430 12:14:43.885" endtime="20220430 12:14:44.490"/>
</kw>
<status status="PASS" starttime="20220430 12:14:43.785" endtime="20220430 12:14:44.490"/>
</kw>
<kw name="Quando preencho os dados do Formulário" library="FormulárioSteps">
<kw name="Input Text" library="SeleniumLibrary">
<arg>${INPUT_NOME}</arg>
<arg>Leticia</arg>
<doc>Types the given ``text`` into the text field identified by ``locator``.</doc>
<msg timestamp="20220430 12:14:44.492" level="INFO">Typing text 'Leticia' into text field 'css=input#user_name'.</msg>
<status status="PASS" starttime="20220430 12:14:44.492" endtime="20220430 12:14:44.660"/>
</kw>
<kw name="Input Text" library="SeleniumLibrary">
<arg>${INPUT_ULTIMO-NOME}</arg>
<arg>Ferreira</arg>
<doc>Types the given ``text`` into the text field identified by ``locator``.</doc>
<msg timestamp="20220430 12:14:44.661" level="INFO">Typing text 'Ferreira' into text field 'css=input#user_lastname'.</msg>
<status status="PASS" starttime="20220430 12:14:44.660" endtime="20220430 12:14:44.795"/>
</kw>
<kw name="Input Text" library="SeleniumLibrary">
<arg>${INPUT_EMAIL}</arg>
<arg>Leticia22@teste.com.br</arg>
<doc>Types the given ``text`` into the text field identified by ``locator``.</doc>
<msg timestamp="20220430 12:14:44.796" level="INFO">Typing text 'Leticia22@teste.com.br' into text field 'css=input#user_email'.</msg>
<status status="PASS" starttime="20220430 12:14:44.795" endtime="20220430 12:14:44.986"/>
</kw>
<kw name="Input Text" library="SeleniumLibrary">
<arg>${INPUT_ENDEREÇO}</arg>
<arg>Rua Brasil</arg>
<doc>Types the given ``text`` into the text field identified by ``locator``.</doc>
<msg timestamp="20220430 12:14:44.987" level="INFO">Typing text 'Rua Brasil' into text field 'css=input#user_address'.</msg>
<status status="PASS" starttime="20220430 12:14:44.987" endtime="20220430 12:14:45.125"/>
</kw>
<kw name="Input Text" library="SeleniumLibrary">
<arg>${INPUT_UNIVERSIDADE}</arg>
<arg>Anhembi Morumbi</arg>
<doc>Types the given ``text`` into the text field identified by ``locator``.</doc>
<msg timestamp="20220430 12:14:45.126" level="INFO">Typing text 'Anhembi Morumbi' into text field 'css=input#user_university'.</msg>
<status status="PASS" starttime="20220430 12:14:45.126" endtime="20220430 12:14:45.277"/>
</kw>
<kw name="Input Text" library="SeleniumLibrary">
<arg>${INPUT_PROFISSAO}</arg>
<arg>Analista Administrativo</arg>
<doc>Types the given ``text`` into the text field identified by ``locator``.</doc>
<msg timestamp="20220430 12:14:45.277" level="INFO">Typing text 'Analista Administrativo' into text field 'css=input#user_profile'.</msg>
<status status="PASS" starttime="20220430 12:14:45.277" endtime="20220430 12:14:45.444"/>
</kw>
<kw name="Input Text" library="SeleniumLibrary">
<arg>${INPUT_GENERO}</arg>
<arg>Feminino</arg>
<doc>Types the given ``text`` into the text field identified by ``locator``.</doc>
<msg timestamp="20220430 12:14:45.445" level="INFO">Typing text 'Feminino' into text field 'css=input#user_gender'.</msg>
<status status="PASS" starttime="20220430 12:14:45.444" endtime="20220430 12:14:45.577"/>
</kw>
<kw name="Input Text" library="SeleniumLibrary">
<arg>${INPUT_IDADE}</arg>
<arg>31</arg>
<doc>Types the given ``text`` into the text field identified by ``locator``.</doc>
<msg timestamp="20220430 12:14:45.577" level="INFO">Typing text '31' into text field 'css=input#user_age'.</msg>
<status status="PASS" starttime="20220430 12:14:45.577" endtime="20220430 12:14:45.712"/>
</kw>
<status status="PASS" starttime="20220430 12:14:44.491" endtime="20220430 12:14:45.712"/>
</kw>
<kw name="Então Crio o cadastro com sucesso" library="FormulárioSteps">
<kw name="Click Element" library="SeleniumLibrary">
<arg>${BTN_CRIAR}</arg>
<doc>Click the element identified by ``locator``.</doc>
<msg timestamp="20220430 12:14:45.715" level="INFO">Clicking element 'name=commit'.</msg>
<status status="PASS" starttime="20220430 12:14:45.714" endtime="20220430 12:14:46.642"/>
</kw>
<status status="PASS" starttime="20220430 12:14:45.713" endtime="20220430 12:14:46.644"/>
</kw>
<status status="PASS" starttime="20220430 12:14:37.143" endtime="20220430 12:14:46.648"/>
</test>
<test id="s1-t2" name="Cenário: Editar Formulário">
<kw name="Dado que quero editar o formulário" library="FormulárioSteps">
<kw name="Click Element" library="SeleniumLibrary">
<arg>${BTN_EDITAR}</arg>
<doc>Click the element identified by ``locator``.</doc>
<msg timestamp="20220430 12:14:46.654" level="INFO">Clicking element 'css=a.btn.waves-light.blue'.</msg>
<status status="PASS" starttime="20220430 12:14:46.654" endtime="20220430 12:14:46.741"/>
</kw>
<status status="PASS" starttime="20220430 12:14:46.653" endtime="20220430 12:14:46.742"/>
</kw>
<kw name="E altero Endereço" library="FormulárioSteps">
<kw name="Wait Until Element Is Visible" library="SeleniumLibrary">
<arg>${INPUT_ENDEREÇO}</arg>
<doc>Waits until the element ``locator`` is visible.</doc>
<status status="PASS" starttime="20220430 12:14:46.744" endtime="20220430 12:14:46.986"/>
</kw>
<kw name="Clear Element Text" library="SeleniumLibrary">
<arg>${INPUT_ENDEREÇO}</arg>
<doc>Clears the value of the text-input-element identified by ``locator``.</doc>
<status status="PASS" starttime="20220430 12:14:46.986" endtime="20220430 12:14:47.043"/>
</kw>
<kw name="Input Text" library="SeleniumLibrary">
<arg>${INPUT_ENDEREÇO}</arg>
<arg>Avenida Brasil</arg>
<doc>Types the given ``text`` into the text field identified by ``locator``.</doc>
<msg timestamp="20220430 12:14:47.044" level="INFO">Typing text 'Avenida Brasil' into text field 'css=input#user_address'.</msg>
<status status="PASS" starttime="20220430 12:14:47.043" endtime="20220430 12:14:47.178"/>
</kw>
<status status="PASS" starttime="20220430 12:14:46.742" endtime="20220430 12:14:47.178"/>
</kw>
<kw name="Então Crio o cadastro com sucesso" library="FormulárioSteps">
<kw name="Click Element" library="SeleniumLibrary">
<arg>${BTN_CRIAR}</arg>
<doc>Click the element identified by ``locator``.</doc>
<msg timestamp="20220430 12:14:47.180" level="INFO">Clicking element 'name=commit'.</msg>
<status status="PASS" starttime="20220430 12:14:47.180" endtime="20220430 12:14:47.720"/>
</kw>
<status status="PASS" starttime="20220430 12:14:47.179" endtime="20220430 12:14:47.720"/>
</kw>
<status status="PASS" starttime="20220430 12:14:46.652" endtime="20220430 12:14:47.721"/>
</test>
<doc>Suíte Exemplo mentoria</doc>
<status status="PASS" starttime="20220430 12:14:35.995" endtime="20220430 12:14:47.724"/>
</suite>
<statistics>
<total>
<stat pass="2" fail="0" skip="0">All Tests</stat>
</total>
<tag>
</tag>
<suite>
<stat pass="2" fail="0" skip="0" id="s1" name="FormulárioTests">FormulárioTests</stat>
</suite>
</statistics>
<errors>
<msg timestamp="20220430 12:14:37.130" level="WARN">Imported resource file 'C:\Users\Leticia\Desktop\Automação\mentoria\web\Formulário\FormulárioElements.robot' is empty.</msg>
<msg timestamp="20220430 12:14:37.134" level="ERROR">Error in file 'C:\Users\Leticia\Desktop\Automação\mentoria\web\Formulário\FormulárioTests.robot' on line 6: Setting 'Suite Setup' is not allowed in resource file.</msg>
<msg timestamp="20220430 12:14:37.135" level="ERROR">Error in file 'C:\Users\Leticia\Desktop\Automação\mentoria\web\Formulário\FormulárioTests.robot' on line 7: Setting 'Test Setup' is not allowed in resource file.</msg>
<msg timestamp="20220430 12:14:37.136" level="ERROR">Error in file 'C:\Users\Leticia\Desktop\Automação\mentoria\web\Formulário\FormulárioTests.robot' on line 8: Setting 'Test Teardown' is not allowed in resource file.</msg>
<msg timestamp="20220430 12:14:37.137" level="ERROR">Error in file 'C:\Users\Leticia\Desktop\Automação\mentoria\web\Formulário\FormulárioTests.robot' on line 9: Setting 'Suite Teardown' is not allowed in resource file.</msg>
<msg timestamp="20220430 12:14:37.138" level="ERROR">Error in file 'C:\Users\Leticia\Desktop\Automação\mentoria\web\Formulário\FormulárioSteps.robot' on line 3: Error in file 'C:\Users\Leticia\Desktop\Automação\mentoria\web\Formulário\FormulárioTests.robot' on line 12: Resource file with 'Test Cases' section is invalid.</msg>
</errors>
</robot>
